########### array before sorts ###########
0	0.000000	0.000000	67.310000	0.000000	n
1	67.310000	0.000000	67.310000	38.100000	n
2	67.310000	38.100000	76.200000	46.990000	n
3	76.200000	46.990000	76.251000	80.000000	n
4	76.251000	80.000000	0.000000	80.000000	n
5	0.000000	80.000000	0.000000	0.000000	n
Tolerance=0.050000.
*Exact match for i=0 and j=1.
*i point 0.000000	0.000000	67.310000	0.000000	y
*Exact match for i=1 and j=2.
*i point 67.310000	0.000000	67.310000	38.100000	y
*Exact match for i=2 and j=3.
*i point 67.310000	38.100000	76.200000	46.990000	y
*Exact match for i=3 and j=4.
*i point 76.200000	46.990000	76.251000	80.000000	y
*Exact match for i=4 and j=5.
*i point 76.251000	80.000000	0.000000	80.000000	y
########### array after sorts ###########
0	0.000000	0.000000	67.310000	0.000000	y
1	67.310000	0.000000	67.310000	38.100000	y
2	67.310000	38.100000	76.200000	46.990000	y
3	76.200000	46.990000	76.251000	80.000000	y
4	76.251000	80.000000	0.000000	80.000000	y
5	0.000000	80.000000	0.000000	0.000000	y
***************
.BOARD_OUTLINE UNOWNED
1.6
0     0.000000     0.000000     0
0     67.310000     0.000000     0
0     67.310000     38.100000     0
0     76.200000     46.990000     0
0     76.251000     80.000000     0
0     0.000000     80.000000     0
0     0.000000     0.000000     0
